SF:lib\app\app.dart
DA:8,1
DA:10,1
DA:12,1
DA:15,2
DA:19,1
DA:20,2
DA:21,2
DA:22,0
DA:23,0
LF:9
LH:7
end_of_record
SF:lib\features\auth\presentation\screens\splash.dart
DA:6,1
DA:8,1
DA:9,1
DA:15,0
DA:17,0
DA:18,0
DA:21,0
DA:22,0
DA:23,0
DA:24,0
DA:25,0
DA:28,0
DA:30,0
DA:32,0
DA:33,0
DA:35,0
DA:36,0
LF:17
LH:3
end_of_record
SF:lib\features\auth\presentation\screens\login_screen.dart
DA:6,1
DA:8,1
DA:9,1
DA:17,1
DA:19,1
DA:20,1
DA:23,1
DA:24,2
DA:25,0
DA:27,0
DA:30,0
DA:34,0
DA:35,0
DA:36,0
DA:38,0
DA:41,1
DA:43,1
DA:45,1
DA:46,0
DA:47,0
DA:48,0
DA:49,0
DA:50,0
DA:52,0
DA:55,0
DA:56,0
DA:57,0
DA:58,0
DA:59,0
DA:64,0
DA:65,0
DA:66,0
DA:68,0
DA:69,0
DA:70,0
DA:82,0
DA:83,0
DA:88,0
DA:89,0
DA:92,0
DA:93,0
DA:94,0
DA:95,0
DA:100,0
DA:101,0
DA:102,0
DA:108,0
DA:110,0
DA:112,0
DA:114,0
DA:115,0
DA:119,0
DA:120,0
DA:124,0
DA:139,0
DA:141,0
DA:158,0
DA:165,0
DA:169,0
DA:172,0
DA:175,0
DA:176,0
DA:178,0
DA:180,0
DA:182,0
LF:65
LH:11
end_of_record
SF:lib\features\auth\presentation\screens\signup_screen.dart
DA:6,0
DA:8,0
DA:9,0
DA:18,0
DA:19,0
DA:20,0
DA:21,0
DA:23,0
DA:26,0
DA:28,0
DA:30,0
DA:31,0
DA:32,0
DA:33,0
DA:34,0
DA:35,0
DA:37,0
DA:40,0
DA:41,0
DA:42,0
DA:43,0
DA:44,0
DA:49,0
DA:50,0
DA:51,0
DA:53,0
DA:54,0
DA:55,0
DA:67,0
DA:68,0
DA:73,0
DA:74,0
DA:79,0
DA:80,0
DA:83,0
DA:84,0
DA:85,0
DA:86,0
DA:91,0
DA:92,0
DA:93,0
DA:99,0
DA:101,0
DA:103,0
DA:105,0
DA:106,0
DA:110,0
DA:111,0
DA:115,0
DA:130,0
DA:131,0
DA:148,0
DA:155,0
DA:159,0
DA:162,0
DA:165,0
DA:166,0
DA:168,0
DA:170,0
DA:172,0
LF:60
LH:0
end_of_record
SF:lib\features\dashboard\presentation\screens\dashboard_screen.dart
DA:8,0
DA:10,0
DA:12,0
DA:15,0
DA:18,0
DA:21,0
DA:23,0
DA:24,0
DA:26,0
DA:27,0
DA:29,0
DA:33,0
DA:34,0
DA:35,0
DA:36,0
LF:15
LH:0
end_of_record
SF:lib\core\service_locator\service_locator.dart
DA:13,0
DA:15,0
DA:16,0
DA:17,0
DA:20,0
DA:23,0
DA:24,0
DA:28,0
DA:29,0
DA:33,0
DA:34,0
DA:37,0
DA:38,0
DA:41,0
LF:14
LH:0
end_of_record
SF:lib\core\storage\hive_storage.dart
DA:6,0
DA:8,0
DA:9,0
DA:10,0
DA:11,0
DA:14,0
DA:15,0
DA:16,0
DA:18,0
DA:19,0
DA:20,0
DA:21,0
DA:23,0
DA:24,0
DA:25,0
DA:26,0
DA:29,0
DA:30,0
DA:33,0
DA:34,0
DA:37,0
DA:38,0
DA:39,0
LF:23
LH:0
end_of_record
SF:lib\features\auth\data\datasources\auth_remote_data_source.dart
DA:11,0
DA:13,0
DA:14,0
DA:15,0
DA:17,0
DA:21,0
DA:22,0
DA:23,0
DA:24,0
DA:25,0
DA:28,0
DA:29,0
DA:30,0
DA:32,0
DA:37,0
DA:43,0
DA:44,0
DA:45,0
DA:46,0
DA:53,0
DA:55,0
DA:56,0
DA:57,0
DA:59,0
DA:63,0
LF:25
LH:0
end_of_record
SF:lib\features\auth\presentation\cubit\login_state.dart
DA:12,0
DA:18,0
LF:2
LH:0
end_of_record
SF:lib\features\auth\presentation\cubit\login_cubit.dart
DA:12,0
DA:13,0
DA:15,0
DA:16,0
DA:18,0
DA:20,0
DA:21,0
DA:22,0
DA:23,0
DA:25,0
DA:27,0
DA:30,0
DA:34,0
LF:13
LH:0
end_of_record
SF:lib\features\auth\presentation\cubit\signup_cubit.dart
DA:12,0
DA:15,0
DA:17,0
DA:18,0
DA:20,0
DA:22,0
DA:23,0
DA:24,0
DA:25,0
DA:27,0
DA:29,0
DA:32,0
LF:12
LH:0
end_of_record
SF:lib\features\auth\presentation\cubit\signup_state.dart
DA:12,0
DA:18,0
LF:2
LH:0
end_of_record
SF:lib\features\user\data\datasources\user_local_data_source_impl.dart
DA:7,0
DA:9,0
DA:11,0
DA:14,0
DA:15,0
DA:17,0
DA:18,0
DA:20,0
DA:21,0
DA:23,0
DA:24,0
DA:26,0
DA:27,0
LF:13
LH:0
end_of_record
SF:lib\features\user\data\repositories\user_repository_impl.dart
DA:7,0
DA:9,0
DA:11,0
DA:14,0
DA:15,0
DA:17,0
DA:18,0
DA:20,0
DA:21,0
DA:23,0
DA:24,0
DA:26,0
DA:27,0
LF:13
LH:0
end_of_record
SF:lib\features\user\presentation\cubit\user_state.dart
DA:11,0
LF:1
LH:0
end_of_record
SF:lib\features\user\presentation\cubit\user_cubit.dart
DA:9,0
DA:11,0
DA:12,0
DA:13,0
DA:14,0
DA:15,0
DA:17,0
DA:21,0
DA:22,0
DA:23,0
LF:10
LH:0
end_of_record
SF:lib\features\auth\data\models\user_model.g.dart
DA:13,0
DA:15,0
DA:16,0
DA:17,0
DA:19,0
DA:20,0
DA:21,0
DA:22,0
DA:26,0
DA:29,0
DA:30,0
DA:31,0
DA:32,0
DA:33,0
DA:34,0
DA:35,0
DA:38,0
DA:39,0
DA:41,0
DA:44,0
DA:45,0
DA:46,0
LF:22
LH:0
end_of_record
SF:lib\features\auth\data\models\user_model.dart
DA:16,0
DA:18,0
DA:19,0
DA:20,0
DA:21,0
DA:22,0
DA:26,0
DA:27,0
DA:28,0
DA:29,0
LF:10
LH:0
end_of_record
